<?xml version="1.0" encoding="UTF-8"?>
<testng-results skipped="0" failed="1" ignored="0" total="3" passed="2">
  <reporter-output>
  </reporter-output>
  <suite name="Suite" duration-ms="7353" started-at="2021-01-26T15:55:11Z" finished-at="2021-01-26T15:55:18Z">
    <groups>
    </groups>
    <test name="Test" duration-ms="7353" started-at="2021-01-26T15:55:11Z" finished-at="2021-01-26T15:55:18Z">
      <class name="com.sag.pos.PostTest">
        <test-method status="FAIL" signature="returnpos()[pri:0, instance:com.sag.pos.PostTest@4dfa3a9d]" name="returnpos" duration-ms="1285" started-at="2021-01-26T15:55:14Z" finished-at="2021-01-26T15:55:15Z">
          <exception class="java.lang.AssertionError">
            <message>
              <![CDATA[expected [true] but found [false]]]>
            </message>
            <full-stacktrace>
              <![CDATA[java.lang.AssertionError: expected [true] but found [false]
at org.testng.Assert.fail(Assert.java:96)
at org.testng.Assert.failNotEquals(Assert.java:776)
at org.testng.Assert.assertTrue(Assert.java:44)
at org.testng.Assert.assertTrue(Assert.java:54)
at com.sag.pos.PostTest.returnpos(PostTest.java:34)
at sun.reflect.NativeMethodAccessorImpl.invoke0(Native Method)
at sun.reflect.NativeMethodAccessorImpl.invoke(NativeMethodAccessorImpl.java:62)
at sun.reflect.DelegatingMethodAccessorImpl.invoke(DelegatingMethodAccessorImpl.java:43)
at java.lang.reflect.Method.invoke(Method.java:498)
at org.testng.internal.MethodInvocationHelper.invokeMethod(MethodInvocationHelper.java:124)
at org.testng.internal.Invoker.invokeMethod(Invoker.java:583)
at org.testng.internal.Invoker.invokeTestMethod(Invoker.java:719)
at org.testng.internal.Invoker.invokeTestMethods(Invoker.java:989)
at org.testng.internal.TestMethodWorker.invokeTestMethods(TestMethodWorker.java:125)
at org.testng.internal.TestMethodWorker.run(TestMethodWorker.java:109)
at org.testng.TestRunner.privateRun(TestRunner.java:648)
at org.testng.TestRunner.run(TestRunner.java:505)
at org.testng.SuiteRunner.runTest(SuiteRunner.java:455)
at org.testng.SuiteRunner.runSequentially(SuiteRunner.java:450)
at org.testng.SuiteRunner.privateRun(SuiteRunner.java:415)
at org.testng.SuiteRunner.run(SuiteRunner.java:364)
at org.testng.SuiteRunnerWorker.runSuite(SuiteRunnerWorker.java:52)
at org.testng.SuiteRunnerWorker.run(SuiteRunnerWorker.java:84)
at org.testng.TestNG.runSuitesSequentially(TestNG.java:1208)
at org.testng.TestNG.runSuitesLocally(TestNG.java:1137)
at org.testng.TestNG.runSuites(TestNG.java:1049)
at org.testng.TestNG.run(TestNG.java:1017)
at org.testng.remote.AbstractRemoteTestNG.run(AbstractRemoteTestNG.java:115)
at org.testng.remote.RemoteTestNG.initAndRun(RemoteTestNG.java:251)
at org.testng.remote.RemoteTestNG.main(RemoteTestNG.java:77)
]]>
            </full-stacktrace>
          </exception> <!-- java.lang.AssertionError -->
          <reporter-output>
          </reporter-output>
        </test-method> <!-- returnpos -->
        <test-method status="PASS" signature="sale()[pri:0, instance:com.sag.pos.PostTest@4dfa3a9d]" name="sale" duration-ms="1286" started-at="2021-01-26T15:55:16Z" finished-at="2021-01-26T15:55:17Z">
          <reporter-output>
          </reporter-output>
        </test-method> <!-- sale -->
      </class> <!-- com.sag.pos.PostTest -->
      <class name="com.sag.pos.EomTest">
        <test-method status="PASS" signature="installation()[pri:0, instance:com.sag.pos.EomTest@146ba0ac]" name="installation" is-config="true" duration-ms="2151" started-at="2021-01-26T15:55:11Z" finished-at="2021-01-26T15:55:13Z">
          <reporter-output>
          </reporter-output>
        </test-method> <!-- installation -->
        <test-method status="PASS" signature="setup()[pri:0, instance:com.sag.pos.PostTest@4dfa3a9d]" name="setup" is-config="true" duration-ms="0" started-at="2021-01-26T15:55:13Z" finished-at="2021-01-26T15:55:13Z">
          <reporter-output>
          </reporter-output>
        </test-method> <!-- setup -->
        <test-method status="PASS" signature="eom(java.lang.String)[pri:0, instance:com.sag.pos.EomTest@146ba0ac]" name="eom" duration-ms="1323" started-at="2021-01-26T15:55:13Z" finished-at="2021-01-26T15:55:14Z">
          <params>
            <param index="0">
              <value>
                <![CDATA[Chrome]]>
              </value>
            </param>
          </params>
          <reporter-output>
          </reporter-output>
        </test-method> <!-- eom -->
        <test-method status="PASS" signature="teardown()[pri:0, instance:com.sag.pos.EomTest@146ba0ac]" name="teardown" is-config="true" duration-ms="892" started-at="2021-01-26T15:55:17Z" finished-at="2021-01-26T15:55:18Z">
          <reporter-output>
          </reporter-output>
        </test-method> <!-- teardown -->
      </class> <!-- com.sag.pos.EomTest -->
    </test> <!-- Test -->
  </suite> <!-- Suite -->
</testng-results>
